LoremWidget/app/build/outputs/logs/manifest-merger-debug-report.txt
-- Merging decision tree log ---
manifest
ADDED from src\main\AndroidManifest.xml:2:1-30:12
	package
		ADDED from src\main\AndroidManifest.xml:4:11-60
		INJECTED from src\main\AndroidManifest.xml
		INJECTED from src\main\AndroidManifest.xml
	android:versionName
		ADDED from src\main\AndroidManifest.xml:3:11-36
		INJECTED from src\main\AndroidManifest.xml
		INJECTED from src\main\AndroidManifest.xml
	android:versionCode
		ADDED from src\main\AndroidManifest.xml:2:11-34
		INJECTED from src\main\AndroidManifest.xml
		INJECTED from src\main\AndroidManifest.xml
	xmlns:android
		ADDED from src\main\AndroidManifest.xml:5:11-69
uses-sdk
ADDED from src\main\AndroidManifest.xml:6:5-73
	android:targetSdkVersion
		ADDED from src\main\AndroidManifest.xml:6:42-71
		INJECTED from src\main\AndroidManifest.xml
		INJECTED from src\main\AndroidManifest.xml
	android:minSdkVersion
		ADDED from src\main\AndroidManifest.xml:6:15-41
		INJECTED from src\main\AndroidManifest.xml
		INJECTED from src\main\AndroidManifest.xml
application
ADDED from src\main\AndroidManifest.xml:8:3-29:17
	android:label
		ADDED from src\main\AndroidManifest.xml:9:16-48
	android:icon
		ADDED from src\main\AndroidManifest.xml:8:16-45
activity#com.commonsware.android.appwidget.lorem.LoremActivity
ADDED from src\main\AndroidManifest.xml:10:5-17:16
	android:label
		ADDED from src\main\AndroidManifest.xml:10:15-47
	android:theme
		ADDED from src\main\AndroidManifest.xml:12:15-61
	android:name
		ADDED from src\main\AndroidManifest.xml:11:15-43
intent-filter#android.intent.action.MAIN+android.intent.category.LAUNCHER
ADDED from src\main\AndroidManifest.xml:13:7-16:23
action#android.intent.action.MAIN
ADDED from src\main\AndroidManifest.xml:14:9-61
	android:name
		ADDED from src\main\AndroidManifest.xml:14:17-58
category#android.intent.category.LAUNCHER
ADDED from src\main\AndroidManifest.xml:15:9-69
	android:name
		ADDED from src\main\AndroidManifest.xml:15:19-66
receiver#com.commonsware.android.appwidget.lorem.WidgetProvider
ADDED from src\main\AndroidManifest.xml:18:5-26:16
	android:label
		ADDED from src\main\AndroidManifest.xml:19:15-47
	android:icon
		ADDED from src\main\AndroidManifest.xml:18:15-42
	android:name
		ADDED from src\main\AndroidManifest.xml:20:15-44
intent-filter#android.appwidget.action.APPWIDGET_UPDATE
ADDED from src\main\AndroidManifest.xml:21:7-23:23
action#android.appwidget.action.APPWIDGET_UPDATE
ADDED from src\main\AndroidManifest.xml:22:9-76
	android:name
		ADDED from src\main\AndroidManifest.xml:22:17-73
meta-data#android.appwidget.provider
ADDED from src\main\AndroidManifest.xml:24:7-25:60
	android:resource
		ADDED from src\main\AndroidManifest.xml:25:18-57
	android:name
		ADDED from src\main\AndroidManifest.xml:24:18-59
service#com.commonsware.android.appwidget.lorem.WidgetService
ADDED from src\main\AndroidManifest.xml:27:5-28:73
	android:permission
		ADDED from src\main\AndroidManifest.xml:28:14-70
	android:name
		ADDED from src\main\AndroidManifest.xml:27:14-42